{
"contracts/BatchFactory.sol":{"l":{"98":113,"99":112,"100":111,"101":110,"103":109,"104":109,"105":109,"106":109,"108":109,"109":109,"114":38,"118":56,"119":55,"123":2,"124":1,"131":85,"132":84,"134":83,"135":83,"138":83,"154":81,"157":81,"158":81,"159":80,"163":78,"165":2,"166":2,"169":76,"170":75,"172":74,"184":75,"193":74,"195":74,"205":74,"206":73,"209":74,"232":83,"235":82,"251":82,"257":82,"258":82,"261":82,"262":81,"264":81,"268":112,"269":111,"270":110,"271":110,"275":1,"276":1,"277":1,"281":2,"296":74,"297":74,"300":74,"301":74,"303":74,"304":70,"306":70,"309":70,"319":70,"320":0,"325":4,"327":4,"330":4,"340":4,"341":0,"346":74,"347":74,"349":74,"351":74,"356":2,"358":2,"362":1,"364":0,"368":0,"372":0,"374":0,"381":1,"385":1,"393":1,"398":38,"408":1,"409":1,"410":1,"411":1,"416":2,"417":1,"421":8},"path":"/Users/meawpipat/Desktop/Code_Workspace/OnceQR/hardhat/contracts/BatchFactory.sol","s":{"1":113,"2":112,"3":111,"4":110,"5":109,"6":109,"7":56,"8":2,"9":85,"10":84,"11":83,"12":83,"13":83,"14":81,"15":81,"16":81,"17":80,"18":78,"19":2,"20":76,"21":75,"22":74,"23":74,"24":73,"25":74,"26":83,"27":82,"28":82,"29":82,"30":81,"31":81,"32":112,"33":111,"34":110,"35":1,"36":1,"37":2,"38":74,"39":74,"40":74,"41":74,"42":74,"43":70,"44":70,"45":0,"46":4,"47":4,"48":0,"49":74,"50":74,"51":74,"52":74,"53":2,"54":2,"55":1,"56":0,"57":0,"58":0,"59":0,"60":1,"61":1,"62":1,"63":38,"64":1,"65":1,"66":1,"67":1,"68":2,"69":1,"70":8},"b":{"1":[112,1],"2":[111,1],"3":[110,1],"4":[109,1],"5":[38,1],"6":[56,1],"7":[55,1],"8":[2,1],"9":[1,1],"10":[85,0],"11":[84,1],"12":[83,1],"13":[80,1],"14":[2,76],"15":[1,1],"16":[75,1],"17":[74,1],"18":[73,1],"19":[82,1],"20":[82,0],"21":[81,0],"22":[112,1],"23":[111,1],"24":[110,1],"25":[1,0],"26":[1,0],"27":[70,4],"28":[0,70],"29":[0,4],"30":[2,0],"31":[1,0],"32":[2,1],"33":[1,1]},"f":{"1":113,"2":38,"3":56,"4":2,"5":85,"6":83,"7":112,"8":1,"9":2,"10":74,"11":2,"12":1,"13":1,"14":1,"15":38,"16":1,"17":2,"18":8},"fnMap":{"1":{"name":"constructor","line":92,"loc":{"start":{"line":92,"column":4},"end":{"line":110,"column":4}}},"2":{"name":"setTokensPerCode","line":113,"loc":{"start":{"line":113,"column":4},"end":{"line":115,"column":4}}},"3":{"name":"setMinCodesPerBatch","line":117,"loc":{"start":{"line":117,"column":4},"end":{"line":120,"column":4}}},"4":{"name":"setPaymentToken","line":122,"loc":{"start":{"line":122,"column":4},"end":{"line":125,"column":4}}},"5":{"name":"createBatch","line":129,"loc":{"start":{"line":129,"column":4},"end":{"line":210,"column":4}}},"6":{"name":"_verifyBackendSignature","line":217,"loc":{"start":{"line":217,"column":4},"end":{"line":265,"column":4}}},"7":{"name":"addTrustedSigner","line":267,"loc":{"start":{"line":267,"column":4},"end":{"line":272,"column":4}}},"8":{"name":"removeTrustedSigner","line":274,"loc":{"start":{"line":274,"column":4},"end":{"line":278,"column":4}}},"9":{"name":"isTrustedSigner","line":280,"loc":{"start":{"line":280,"column":4},"end":{"line":282,"column":4}}},"10":{"name":"_deployNFTContract","line":287,"loc":{"start":{"line":287,"column":4},"end":{"line":352,"column":4}}},"11":{"name":"_isValidNFTContract","line":355,"loc":{"start":{"line":355,"column":4},"end":{"line":377,"column":4}}},"12":{"name":"calculateBatchCost","line":380,"loc":{"start":{"line":380,"column":4},"end":{"line":382,"column":4}}},"13":{"name":"getIssuerNFTContracts","line":384,"loc":{"start":{"line":384,"column":4},"end":{"line":386,"column":4}}},"14":{"name":"getIssuerNFTContractsByType","line":388,"loc":{"start":{"line":388,"column":4},"end":{"line":394,"column":4}}},"15":{"name":"getIssuerNonce","line":397,"loc":{"start":{"line":397,"column":4},"end":{"line":399,"column":4}}},"16":{"name":"predictNextAddress","line":402,"loc":{"start":{"line":402,"column":4},"end":{"line":412,"column":4}}},"17":{"name":"withdrawPayments","line":415,"loc":{"start":{"line":415,"column":4},"end":{"line":418,"column":4}}},"18":{"name":"getPaymentBalance","line":420,"loc":{"start":{"line":420,"column":4},"end":{"line":422,"column":4}}}},"statementMap":{"1":{"start":{"line":98,"column":8},"end":{"line":98,"column":75}},"2":{"start":{"line":99,"column":8},"end":{"line":99,"column":81}},"3":{"start":{"line":100,"column":8},"end":{"line":100,"column":83}},"4":{"start":{"line":101,"column":8},"end":{"line":101,"column":76}},"5":{"start":{"line":108,"column":8},"end":{"line":108,"column":49}},"6":{"start":{"line":109,"column":8},"end":{"line":109,"column":48}},"7":{"start":{"line":118,"column":8},"end":{"line":118,"column":59}},"8":{"start":{"line":123,"column":8},"end":{"line":123,"column":76}},"9":{"start":{"line":131,"column":8},"end":{"line":131,"column":70}},"10":{"start":{"line":132,"column":8},"end":{"line":132,"column":82}},"11":{"start":{"line":134,"column":8},"end":{"line":134,"column":35}},"12":{"start":{"line":135,"column":8},"end":{"line":135,"column":43}},"13":{"start":{"line":138,"column":8},"end":{"line":138,"column":5000}},"14":{"start":{"line":154,"column":8},"end":{"line":154,"column":53}},"15":{"start":{"line":157,"column":8},"end":{"line":157,"column":64}},"16":{"start":{"line":158,"column":8},"end":{"line":158,"column":5633}},"17":{"start":{"line":159,"column":12},"end":{"line":159,"column":85}},"18":{"start":{"line":163,"column":8},"end":{"line":163,"column":5805}},"19":{"start":{"line":166,"column":12},"end":{"line":166,"column":101}},"20":{"start":{"line":169,"column":12},"end":{"line":169,"column":86}},"21":{"start":{"line":170,"column":12},"end":{"line":170,"column":79}},"22":{"start":{"line":195,"column":8},"end":{"line":195,"column":7025}},"23":{"start":{"line":205,"column":8},"end":{"line":205,"column":7296}},"24":{"start":{"line":206,"column":12},"end":{"line":206,"column":64}},"25":{"start":{"line":209,"column":8},"end":{"line":209,"column":37}},"26":{"start":{"line":232,"column":8},"end":{"line":232,"column":64}},"27":{"start":{"line":235,"column":8},"end":{"line":235,"column":8257}},"28":{"start":{"line":251,"column":8},"end":{"line":251,"column":8658}},"29":{"start":{"line":257,"column":8},"end":{"line":257,"column":79}},"30":{"start":{"line":262,"column":8},"end":{"line":262,"column":56}},"31":{"start":{"line":264,"column":8},"end":{"line":264,"column":21}},"32":{"start":{"line":268,"column":8},"end":{"line":268,"column":62}},"33":{"start":{"line":269,"column":8},"end":{"line":269,"column":64}},"34":{"start":{"line":271,"column":8},"end":{"line":271,"column":39}},"35":{"start":{"line":275,"column":8},"end":{"line":275,"column":63}},"36":{"start":{"line":277,"column":8},"end":{"line":277,"column":41}},"37":{"start":{"line":281,"column":8},"end":{"line":281,"column":37}},"38":{"start":{"line":296,"column":8},"end":{"line":296,"column":30}},"39":{"start":{"line":297,"column":8},"end":{"line":297,"column":21}},"40":{"start":{"line":300,"column":8},"end":{"line":300,"column":50}},"41":{"start":{"line":301,"column":8},"end":{"line":301,"column":86}},"42":{"start":{"line":303,"column":8},"end":{"line":303,"column":10475}},"43":{"start":{"line":309,"column":12},"end":{"line":309,"column":10751}},"44":{"start":{"line":319,"column":12},"end":{"line":319,"column":11066}},"45":{"start":{"line":320,"column":16},"end":{"line":320,"column":59}},"46":{"start":{"line":330,"column":12},"end":{"line":330,"column":11497}},"47":{"start":{"line":340,"column":12},"end":{"line":340,"column":11813}},"48":{"start":{"line":341,"column":16},"end":{"line":341,"column":56}},"49":{"start":{"line":346,"column":8},"end":{"line":346,"column":45}},"50":{"start":{"line":347,"column":8},"end":{"line":347,"column":60}},"51":{"start":{"line":349,"column":8},"end":{"line":349,"column":70}},"52":{"start":{"line":351,"column":8},"end":{"line":351,"column":20}},"53":{"start":{"line":356,"column":8},"end":{"line":356,"column":12342}},"54":{"start":{"line":358,"column":12},"end":{"line":358,"column":12476}},"55":{"start":{"line":362,"column":16},"end":{"line":362,"column":36}},"56":{"start":{"line":364,"column":16},"end":{"line":364,"column":28}},"57":{"start":{"line":368,"column":12},"end":{"line":368,"column":12884}},"58":{"start":{"line":372,"column":16},"end":{"line":372,"column":36}},"59":{"start":{"line":374,"column":16},"end":{"line":374,"column":28}},"60":{"start":{"line":381,"column":8},"end":{"line":381,"column":41}},"61":{"start":{"line":385,"column":8},"end":{"line":385,"column":41}},"62":{"start":{"line":393,"column":8},"end":{"line":393,"column":56}},"63":{"start":{"line":398,"column":8},"end":{"line":398,"column":34}},"64":{"start":{"line":408,"column":8},"end":{"line":408,"column":95}},"65":{"start":{"line":409,"column":8},"end":{"line":409,"column":43}},"66":{"start":{"line":410,"column":8},"end":{"line":410,"column":79}},"67":{"start":{"line":411,"column":8},"end":{"line":411,"column":86}},"68":{"start":{"line":416,"column":8},"end":{"line":416,"column":61}},"69":{"start":{"line":417,"column":8},"end":{"line":417,"column":52}},"70":{"start":{"line":421,"column":8},"end":{"line":421,"column":60}}},"branchMap":{"1":{"line":98,"type":"if","locations":[{"start":{"line":98,"column":8},"end":{"line":98,"column":8}},{"start":{"line":98,"column":8},"end":{"line":98,"column":8}}]},"2":{"line":99,"type":"if","locations":[{"start":{"line":99,"column":8},"end":{"line":99,"column":8}},{"start":{"line":99,"column":8},"end":{"line":99,"column":8}}]},"3":{"line":100,"type":"if","locations":[{"start":{"line":100,"column":8},"end":{"line":100,"column":8}},{"start":{"line":100,"column":8},"end":{"line":100,"column":8}}]},"4":{"line":101,"type":"if","locations":[{"start":{"line":101,"column":8},"end":{"line":101,"column":8}},{"start":{"line":101,"column":8},"end":{"line":101,"column":8}}]},"5":{"line":113,"type":"if","locations":[{"start":{"line":113,"column":63},"end":{"line":113,"column":63}},{"start":{"line":113,"column":63},"end":{"line":113,"column":63}}]},"6":{"line":117,"type":"if","locations":[{"start":{"line":117,"column":61},"end":{"line":117,"column":61}},{"start":{"line":117,"column":61},"end":{"line":117,"column":61}}]},"7":{"line":118,"type":"if","locations":[{"start":{"line":118,"column":8},"end":{"line":118,"column":8}},{"start":{"line":118,"column":8},"end":{"line":118,"column":8}}]},"8":{"line":122,"type":"if","locations":[{"start":{"line":122,"column":61},"end":{"line":122,"column":61}},{"start":{"line":122,"column":61},"end":{"line":122,"column":61}}]},"9":{"line":123,"type":"if","locations":[{"start":{"line":123,"column":8},"end":{"line":123,"column":8}},{"start":{"line":123,"column":8},"end":{"line":123,"column":8}}]},"10":{"line":129,"type":"if","locations":[{"start":{"line":129,"column":67},"end":{"line":129,"column":67}},{"start":{"line":129,"column":67},"end":{"line":129,"column":67}}]},"11":{"line":131,"type":"if","locations":[{"start":{"line":131,"column":8},"end":{"line":131,"column":8}},{"start":{"line":131,"column":8},"end":{"line":131,"column":8}}]},"12":{"line":132,"type":"if","locations":[{"start":{"line":132,"column":8},"end":{"line":132,"column":8}},{"start":{"line":132,"column":8},"end":{"line":132,"column":8}}]},"13":{"line":158,"type":"if","locations":[{"start":{"line":158,"column":8},"end":{"line":158,"column":8}},{"start":{"line":158,"column":8},"end":{"line":158,"column":8}}]},"14":{"line":163,"type":"if","locations":[{"start":{"line":163,"column":8},"end":{"line":163,"column":8}},{"start":{"line":163,"column":8},"end":{"line":163,"column":8}}]},"15":{"line":166,"type":"if","locations":[{"start":{"line":166,"column":12},"end":{"line":166,"column":12}},{"start":{"line":166,"column":12},"end":{"line":166,"column":12}}]},"16":{"line":169,"type":"if","locations":[{"start":{"line":169,"column":12},"end":{"line":169,"column":12}},{"start":{"line":169,"column":12},"end":{"line":169,"column":12}}]},"17":{"line":170,"type":"if","locations":[{"start":{"line":170,"column":12},"end":{"line":170,"column":12}},{"start":{"line":170,"column":12},"end":{"line":170,"column":12}}]},"18":{"line":205,"type":"if","locations":[{"start":{"line":205,"column":8},"end":{"line":205,"column":8}},{"start":{"line":205,"column":8},"end":{"line":205,"column":8}}]},"19":{"line":232,"type":"if","locations":[{"start":{"line":232,"column":8},"end":{"line":232,"column":8}},{"start":{"line":232,"column":8},"end":{"line":232,"column":8}}]},"20":{"line":257,"type":"if","locations":[{"start":{"line":257,"column":8},"end":{"line":257,"column":8}},{"start":{"line":257,"column":8},"end":{"line":257,"column":8}}]},"21":{"line":262,"type":"if","locations":[{"start":{"line":262,"column":8},"end":{"line":262,"column":8}},{"start":{"line":262,"column":8},"end":{"line":262,"column":8}}]},"22":{"line":267,"type":"if","locations":[{"start":{"line":267,"column":55},"end":{"line":267,"column":55}},{"start":{"line":267,"column":55},"end":{"line":267,"column":55}}]},"23":{"line":268,"type":"if","locations":[{"start":{"line":268,"column":8},"end":{"line":268,"column":8}},{"start":{"line":268,"column":8},"end":{"line":268,"column":8}}]},"24":{"line":269,"type":"if","locations":[{"start":{"line":269,"column":8},"end":{"line":269,"column":8}},{"start":{"line":269,"column":8},"end":{"line":269,"column":8}}]},"25":{"line":274,"type":"if","locations":[{"start":{"line":274,"column":58},"end":{"line":274,"column":58}},{"start":{"line":274,"column":58},"end":{"line":274,"column":58}}]},"26":{"line":275,"type":"if","locations":[{"start":{"line":275,"column":8},"end":{"line":275,"column":8}},{"start":{"line":275,"column":8},"end":{"line":275,"column":8}}]},"27":{"line":303,"type":"if","locations":[{"start":{"line":303,"column":8},"end":{"line":303,"column":8}},{"start":{"line":303,"column":8},"end":{"line":303,"column":8}}]},"28":{"line":319,"type":"if","locations":[{"start":{"line":319,"column":12},"end":{"line":319,"column":12}},{"start":{"line":319,"column":12},"end":{"line":319,"column":12}}]},"29":{"line":340,"type":"if","locations":[{"start":{"line":340,"column":12},"end":{"line":340,"column":12}},{"start":{"line":340,"column":12},"end":{"line":340,"column":12}}]},"30":{"line":356,"type":"if","locations":[{"start":{"line":356,"column":8},"end":{"line":356,"column":8}},{"start":{"line":356,"column":8},"end":{"line":356,"column":8}}]},"31":{"line":408,"type":"if","locations":[{"start":{"line":408,"column":61},"end":{"line":408,"column":75}},{"start":{"line":408,"column":79},"end":{"line":408,"column":94}}]},"32":{"line":415,"type":"if","locations":[{"start":{"line":415,"column":67},"end":{"line":415,"column":67}},{"start":{"line":415,"column":67},"end":{"line":415,"column":67}}]},"33":{"line":416,"type":"if","locations":[{"start":{"line":416,"column":8},"end":{"line":416,"column":8}},{"start":{"line":416,"column":8},"end":{"line":416,"column":8}}]}}},
"contracts/BatchManager.sol":{"l":{"112":109,"113":109,"118":0,"119":0,"123":12,"127":10,"131":58,"132":57,"136":99,"137":97,"141":23,"145":21,"150":6,"155":9,"168":15,"171":14,"182":14,"188":14,"189":14,"192":14,"193":14,"195":13,"209":74,"210":74,"211":74,"212":74,"214":74,"215":74,"217":74,"218":74,"219":74,"220":74,"221":74,"222":74,"223":74,"224":74,"225":74,"227":74,"229":74,"231":74,"249":21,"251":21,"252":20,"255":19,"256":19,"257":18,"260":17,"263":16,"264":16,"265":15,"266":14,"268":1,"269":1,"273":15,"274":15,"276":15,"288":13,"289":13,"292":13,"294":13,"295":13,"296":13,"299":13,"300":12,"302":1,"318":4,"319":4,"323":3,"324":3,"328":2,"329":2,"337":1,"338":1,"346":3,"347":3,"348":3,"356":2,"357":2,"364":3,"365":2,"366":2,"373":2,"374":2,"375":2,"380":1,"384":0,"388":57,"389":57,"390":56,"391":56,"395":3,"396":2,"397":2,"401":111,"402":110,"403":110,"407":1,"408":1,"413":9,"414":9,"433":4,"434":4,"443":3,"444":3,"448":2,"452":3,"456":2,"460":3,"464":11,"468":3},"path":"/Users/meawpipat/Desktop/Code_Workspace/OnceQR/hardhat/contracts/BatchManager.sol","s":{"1":109,"2":109,"3":0,"4":12,"5":58,"6":99,"7":23,"8":6,"9":9,"10":15,"11":14,"12":14,"13":14,"14":14,"15":13,"16":74,"17":74,"18":74,"19":74,"20":74,"21":74,"22":74,"23":74,"24":74,"25":21,"26":21,"27":20,"28":19,"29":19,"30":18,"31":17,"32":16,"33":16,"34":15,"35":1,"36":15,"37":15,"38":15,"39":13,"40":13,"41":13,"42":13,"43":12,"44":1,"45":4,"46":3,"47":2,"48":1,"49":3,"50":3,"51":2,"52":3,"53":2,"54":2,"55":2,"56":2,"57":2,"58":1,"59":0,"60":57,"61":57,"62":56,"63":3,"64":2,"65":111,"66":110,"67":110,"68":1,"69":1,"70":9,"71":9,"72":4,"73":4,"74":3,"75":3,"76":2,"77":3,"78":2,"79":3,"80":11,"81":3},"b":{"1":[0,0],"2":[10,2],"3":[6,4],"4":[57,1],"5":[97,2],"6":[21,2],"7":[3,1],"8":[14,1],"9":[14,0],"10":[13,1],"11":[75,2],"12":[75,0],"13":[75,0],"14":[74,1],"15":[74,0],"16":[74,0],"17":[74,0],"18":[74,0],"19":[25,0],"20":[24,1],"21":[24,0],"22":[23,1],"23":[21,2],"24":[20,1],"25":[19,1],"26":[0,19],"27":[18,1],"28":[17,1],"29":[16,1],"30":[15,1],"31":[14,1],"32":[1,0],"33":[12,1],"34":[6,0],"35":[4,2],"36":[3,1],"37":[2,0],"38":[1,0],"39":[1,0],"40":[3,0],"41":[3,0],"42":[2,0],"43":[2,0],"44":[3,0],"45":[2,1],"46":[2,0],"47":[2,0],"48":[1,0],"49":[0,0],"50":[57,0],"51":[57,0],"52":[56,1],"53":[3,0],"54":[2,1],"55":[111,1],"56":[110,1],"57":[1,1],"58":[9,1],"59":[4,0],"60":[3,0]},"f":{"1":109,"2":0,"3":12,"4":58,"5":99,"6":23,"7":6,"8":9,"9":15,"10":74,"11":21,"12":4,"13":3,"14":2,"15":1,"16":3,"17":2,"18":3,"19":2,"20":1,"21":0,"22":57,"23":3,"24":111,"25":1,"26":9,"27":4,"28":3,"29":2,"30":3,"31":2,"32":3,"33":11,"34":3},"fnMap":{"1":{"name":"constructor","line":111,"loc":{"start":{"line":111,"column":4},"end":{"line":114,"column":4}}},"2":{"name":"onlyBatchOwnerOrAdmin","line":117,"loc":{"start":{"line":117,"column":4},"end":{"line":120,"column":4}}},"3":{"name":"onlySystemAdminOrBatchOwnerOrAdmin","line":122,"loc":{"start":{"line":122,"column":4},"end":{"line":128,"column":4}}},"4":{"name":"batchExists","line":130,"loc":{"start":{"line":130,"column":4},"end":{"line":133,"column":4}}},"5":{"name":"notPausedIssuer","line":135,"loc":{"start":{"line":135,"column":4},"end":{"line":138,"column":4}}},"6":{"name":"notPausedWallet","line":140,"loc":{"start":{"line":140,"column":4},"end":{"line":146,"column":4}}},"7":{"name":"_isBatchOwnerOrAdmin","line":149,"loc":{"start":{"line":149,"column":4},"end":{"line":152,"column":4}}},"8":{"name":"_getBatchAdminRole","line":154,"loc":{"start":{"line":154,"column":4},"end":{"line":156,"column":4}}},"9":{"name":"_verifyBackendSignature","line":158,"loc":{"start":{"line":158,"column":4},"end":{"line":196,"column":4}}},"10":{"name":"createBatch","line":208,"loc":{"start":{"line":201,"column":4},"end":{"line":232,"column":4}}},"11":{"name":"claimCode","line":247,"loc":{"start":{"line":235,"column":4},"end":{"line":310,"column":4}}},"12":{"name":"pauseBatch","line":316,"loc":{"start":{"line":313,"column":4},"end":{"line":320,"column":4}}},"13":{"name":"pauseIssuer","line":322,"loc":{"start":{"line":322,"column":4},"end":{"line":325,"column":4}}},"14":{"name":"pauseWalletGlobally","line":327,"loc":{"start":{"line":327,"column":4},"end":{"line":330,"column":4}}},"15":{"name":"pauseWalletInBatch","line":335,"loc":{"start":{"line":332,"column":4},"end":{"line":339,"column":4}}},"16":{"name":"pauseCodeInBatch","line":344,"loc":{"start":{"line":341,"column":4},"end":{"line":349,"column":4}}},"17":{"name":"setBatchExpireTime","line":354,"loc":{"start":{"line":351,"column":4},"end":{"line":358,"column":4}}},"18":{"name":"addBatchAdmin","line":362,"loc":{"start":{"line":360,"column":4},"end":{"line":367,"column":4}}},"19":{"name":"removeBatchAdmin","line":371,"loc":{"start":{"line":369,"column":4},"end":{"line":376,"column":4}}},"20":{"name":"pause","line":379,"loc":{"start":{"line":379,"column":4},"end":{"line":381,"column":4}}},"21":{"name":"unpause","line":383,"loc":{"start":{"line":383,"column":4},"end":{"line":385,"column":4}}},"22":{"name":"addTrustedSigner","line":387,"loc":{"start":{"line":387,"column":4},"end":{"line":392,"column":4}}},"23":{"name":"removeTrustedSigner","line":394,"loc":{"start":{"line":394,"column":4},"end":{"line":398,"column":4}}},"24":{"name":"setBatchFactory","line":400,"loc":{"start":{"line":400,"column":4},"end":{"line":404,"column":4}}},"25":{"name":"removeBatchFactory","line":406,"loc":{"start":{"line":406,"column":4},"end":{"line":409,"column":4}}},"26":{"name":"getBatchInfo","line":412,"loc":{"start":{"line":412,"column":4},"end":{"line":425,"column":4}}},"27":{"name":"isCodeClaimed","line":430,"loc":{"start":{"line":427,"column":4},"end":{"line":435,"column":4}}},"28":{"name":"isCodePaused","line":440,"loc":{"start":{"line":437,"column":4},"end":{"line":445,"column":4}}},"29":{"name":"getIssuerBatches","line":447,"loc":{"start":{"line":447,"column":4},"end":{"line":449,"column":4}}},"30":{"name":"getCurrentBatchId","line":451,"loc":{"start":{"line":451,"column":4},"end":{"line":453,"column":4}}},"31":{"name":"isBatchAdmin","line":455,"loc":{"start":{"line":455,"column":4},"end":{"line":457,"column":4}}},"32":{"name":"isTrustedSigner","line":459,"loc":{"start":{"line":459,"column":4},"end":{"line":461,"column":4}}},"33":{"name":"getWalletNonce","line":463,"loc":{"start":{"line":463,"column":4},"end":{"line":465,"column":4}}},"34":{"name":"isBatchFactory","line":467,"loc":{"start":{"line":467,"column":4},"end":{"line":469,"column":4}}}},"statementMap":{"1":{"start":{"line":112,"column":8},"end":{"line":112,"column":49}},"2":{"start":{"line":113,"column":8},"end":{"line":113,"column":48}},"3":{"start":{"line":118,"column":8},"end":{"line":118,"column":85}},"4":{"start":{"line":123,"column":8},"end":{"line":123,"column":4610}},"5":{"start":{"line":131,"column":8},"end":{"line":131,"column":77}},"6":{"start":{"line":136,"column":8},"end":{"line":136,"column":58}},"7":{"start":{"line":141,"column":8},"end":{"line":141,"column":5114}},"8":{"start":{"line":150,"column":8},"end":{"line":150,"column":5450}},"9":{"start":{"line":155,"column":8},"end":{"line":155,"column":71}},"10":{"start":{"line":168,"column":8},"end":{"line":168,"column":64}},"11":{"start":{"line":171,"column":8},"end":{"line":171,"column":6112}},"12":{"start":{"line":182,"column":8},"end":{"line":182,"column":6379}},"13":{"start":{"line":188,"column":8},"end":{"line":188,"column":79}},"14":{"start":{"line":193,"column":8},"end":{"line":193,"column":56}},"15":{"start":{"line":195,"column":8},"end":{"line":195,"column":21}},"16":{"start":{"line":209,"column":8},"end":{"line":209,"column":54}},"17":{"start":{"line":210,"column":8},"end":{"line":210,"column":65}},"18":{"start":{"line":211,"column":8},"end":{"line":211,"column":63}},"19":{"start":{"line":212,"column":8},"end":{"line":212,"column":62}},"20":{"start":{"line":214,"column":8},"end":{"line":214,"column":40}},"21":{"start":{"line":215,"column":8},"end":{"line":215,"column":46}},"22":{"start":{"line":227,"column":8},"end":{"line":227,"column":42}},"23":{"start":{"line":229,"column":8},"end":{"line":229,"column":89}},"24":{"start":{"line":231,"column":8},"end":{"line":231,"column":22}},"25":{"start":{"line":249,"column":8},"end":{"line":249,"column":46}},"26":{"start":{"line":251,"column":8},"end":{"line":251,"column":50}},"27":{"start":{"line":252,"column":8},"end":{"line":252,"column":93}},"28":{"start":{"line":255,"column":8},"end":{"line":255,"column":58}},"29":{"start":{"line":256,"column":8},"end":{"line":256,"column":67}},"30":{"start":{"line":257,"column":8},"end":{"line":257,"column":60}},"31":{"start":{"line":260,"column":8},"end":{"line":260,"column":95}},"32":{"start":{"line":263,"column":8},"end":{"line":263,"column":23}},"33":{"start":{"line":264,"column":8},"end":{"line":264,"column":9197}},"34":{"start":{"line":265,"column":12},"end":{"line":265,"column":64}},"35":{"start":{"line":268,"column":12},"end":{"line":268,"column":66}},"36":{"start":{"line":273,"column":8},"end":{"line":273,"column":62}},"37":{"start":{"line":274,"column":8},"end":{"line":274,"column":48}},"38":{"start":{"line":276,"column":8},"end":{"line":276,"column":9649}},"39":{"start":{"line":294,"column":8},"end":{"line":294,"column":53}},"40":{"start":{"line":295,"column":8},"end":{"line":295,"column":59}},"41":{"start":{"line":296,"column":8},"end":{"line":296,"column":73}},"42":{"start":{"line":299,"column":8},"end":{"line":299,"column":10293}},"43":{"start":{"line":300,"column":12},"end":{"line":300,"column":72}},"44":{"start":{"line":302,"column":12},"end":{"line":302,"column":10423}},"45":{"start":{"line":319,"column":8},"end":{"line":319,"column":43}},"46":{"start":{"line":324,"column":8},"end":{"line":324,"column":43}},"47":{"start":{"line":329,"column":8},"end":{"line":329,"column":52}},"48":{"start":{"line":338,"column":8},"end":{"line":338,"column":59}},"49":{"start":{"line":346,"column":8},"end":{"line":346,"column":58}},"50":{"start":{"line":348,"column":8},"end":{"line":348,"column":50}},"51":{"start":{"line":357,"column":8},"end":{"line":357,"column":52}},"52":{"start":{"line":364,"column":8},"end":{"line":364,"column":87}},"53":{"start":{"line":365,"column":8},"end":{"line":365,"column":53}},"54":{"start":{"line":366,"column":8},"end":{"line":366,"column":44}},"55":{"start":{"line":373,"column":8},"end":{"line":373,"column":90}},"56":{"start":{"line":374,"column":8},"end":{"line":374,"column":54}},"57":{"start":{"line":375,"column":8},"end":{"line":375,"column":46}},"58":{"start":{"line":380,"column":8},"end":{"line":380,"column":15}},"59":{"start":{"line":384,"column":8},"end":{"line":384,"column":17}},"60":{"start":{"line":388,"column":8},"end":{"line":388,"column":62}},"61":{"start":{"line":389,"column":8},"end":{"line":389,"column":64}},"62":{"start":{"line":391,"column":8},"end":{"line":391,"column":39}},"63":{"start":{"line":395,"column":8},"end":{"line":395,"column":63}},"64":{"start":{"line":397,"column":8},"end":{"line":397,"column":41}},"65":{"start":{"line":401,"column":8},"end":{"line":401,"column":75}},"66":{"start":{"line":402,"column":8},"end":{"line":402,"column":51}},"67":{"start":{"line":403,"column":8},"end":{"line":403,"column":42}},"68":{"start":{"line":407,"column":8},"end":{"line":407,"column":52}},"69":{"start":{"line":408,"column":8},"end":{"line":408,"column":46}},"70":{"start":{"line":413,"column":8},"end":{"line":413,"column":46}},"71":{"start":{"line":414,"column":8},"end":{"line":414,"column":14368}},"72":{"start":{"line":433,"column":8},"end":{"line":433,"column":58}},"73":{"start":{"line":434,"column":8},"end":{"line":434,"column":52}},"74":{"start":{"line":443,"column":8},"end":{"line":443,"column":58}},"75":{"start":{"line":444,"column":8},"end":{"line":444,"column":51}},"76":{"start":{"line":448,"column":8},"end":{"line":448,"column":36}},"77":{"start":{"line":452,"column":8},"end":{"line":452,"column":31}},"78":{"start":{"line":456,"column":8},"end":{"line":456,"column":60}},"79":{"start":{"line":460,"column":8},"end":{"line":460,"column":37}},"80":{"start":{"line":464,"column":8},"end":{"line":464,"column":35}},"81":{"start":{"line":468,"column":8},"end":{"line":468,"column":51}}},"branchMap":{"1":{"line":118,"type":"if","locations":[{"start":{"line":118,"column":8},"end":{"line":118,"column":8}},{"start":{"line":118,"column":8},"end":{"line":118,"column":8}}]},"2":{"line":123,"type":"if","locations":[{"start":{"line":123,"column":8},"end":{"line":123,"column":8}},{"start":{"line":123,"column":8},"end":{"line":123,"column":8}}]},"3":{"line":124,"type":"cond-expr","locations":[{"start":{"line":124,"column":12},"end":{"line":124,"column":49}},{"start":{"line":124,"column":54},"end":{"line":124,"column":94}}]},"4":{"line":131,"type":"if","locations":[{"start":{"line":131,"column":8},"end":{"line":131,"column":8}},{"start":{"line":131,"column":8},"end":{"line":131,"column":8}}]},"5":{"line":136,"type":"if","locations":[{"start":{"line":136,"column":8},"end":{"line":136,"column":8}},{"start":{"line":136,"column":8},"end":{"line":136,"column":8}}]},"6":{"line":141,"type":"if","locations":[{"start":{"line":141,"column":8},"end":{"line":141,"column":8}},{"start":{"line":141,"column":8},"end":{"line":141,"column":8}}]},"7":{"line":150,"type":"cond-expr","locations":[{"start":{"line":150,"column":15},"end":{"line":150,"column":48}},{"start":{"line":151,"column":15},"end":{"line":151,"column":59}}]},"8":{"line":168,"type":"if","locations":[{"start":{"line":168,"column":8},"end":{"line":168,"column":8}},{"start":{"line":168,"column":8},"end":{"line":168,"column":8}}]},"9":{"line":188,"type":"if","locations":[{"start":{"line":188,"column":8},"end":{"line":188,"column":8}},{"start":{"line":188,"column":8},"end":{"line":188,"column":8}}]},"10":{"line":193,"type":"if","locations":[{"start":{"line":193,"column":8},"end":{"line":193,"column":8}},{"start":{"line":193,"column":8},"end":{"line":193,"column":8}}]},"11":{"line":208,"type":"if","locations":[{"start":{"line":208,"column":15},"end":{"line":208,"column":15}},{"start":{"line":208,"column":15},"end":{"line":208,"column":15}}]},"12":{"line":208,"type":"if","locations":[{"start":{"line":208,"column":44},"end":{"line":208,"column":44}},{"start":{"line":208,"column":44},"end":{"line":208,"column":44}}]},"13":{"line":208,"type":"if","locations":[{"start":{"line":208,"column":57},"end":{"line":208,"column":57}},{"start":{"line":208,"column":57},"end":{"line":208,"column":57}}]},"14":{"line":208,"type":"if","locations":[{"start":{"line":208,"column":71},"end":{"line":208,"column":71}},{"start":{"line":208,"column":71},"end":{"line":208,"column":71}}]},"15":{"line":209,"type":"if","locations":[{"start":{"line":209,"column":8},"end":{"line":209,"column":8}},{"start":{"line":209,"column":8},"end":{"line":209,"column":8}}]},"16":{"line":210,"type":"if","locations":[{"start":{"line":210,"column":8},"end":{"line":210,"column":8}},{"start":{"line":210,"column":8},"end":{"line":210,"column":8}}]},"17":{"line":211,"type":"if","locations":[{"start":{"line":211,"column":8},"end":{"line":211,"column":8}},{"start":{"line":211,"column":8},"end":{"line":211,"column":8}}]},"18":{"line":212,"type":"if","locations":[{"start":{"line":212,"column":8},"end":{"line":212,"column":8}},{"start":{"line":212,"column":8},"end":{"line":212,"column":8}}]},"19":{"line":243,"type":"if","locations":[{"start":{"line":243,"column":8},"end":{"line":243,"column":8}},{"start":{"line":243,"column":8},"end":{"line":243,"column":8}}]},"20":{"line":244,"type":"if","locations":[{"start":{"line":244,"column":8},"end":{"line":244,"column":8}},{"start":{"line":244,"column":8},"end":{"line":244,"column":8}}]},"21":{"line":245,"type":"if","locations":[{"start":{"line":245,"column":8},"end":{"line":245,"column":8}},{"start":{"line":245,"column":8},"end":{"line":245,"column":8}}]},"22":{"line":246,"type":"if","locations":[{"start":{"line":246,"column":8},"end":{"line":246,"column":8}},{"start":{"line":246,"column":8},"end":{"line":246,"column":8}}]},"23":{"line":247,"type":"if","locations":[{"start":{"line":247,"column":8},"end":{"line":247,"column":8}},{"start":{"line":247,"column":8},"end":{"line":247,"column":8}}]},"24":{"line":251,"type":"if","locations":[{"start":{"line":251,"column":8},"end":{"line":251,"column":8}},{"start":{"line":251,"column":8},"end":{"line":251,"column":8}}]},"25":{"line":252,"type":"if","locations":[{"start":{"line":252,"column":8},"end":{"line":252,"column":8}},{"start":{"line":252,"column":8},"end":{"line":252,"column":8}}]},"26":{"line":252,"type":"cond-expr","locations":[{"start":{"line":252,"column":16},"end":{"line":252,"column":36}},{"start":{"line":252,"column":41},"end":{"line":252,"column":75}}]},"27":{"line":256,"type":"if","locations":[{"start":{"line":256,"column":8},"end":{"line":256,"column":8}},{"start":{"line":256,"column":8},"end":{"line":256,"column":8}}]},"28":{"line":257,"type":"if","locations":[{"start":{"line":257,"column":8},"end":{"line":257,"column":8}},{"start":{"line":257,"column":8},"end":{"line":257,"column":8}}]},"29":{"line":260,"type":"if","locations":[{"start":{"line":260,"column":8},"end":{"line":260,"column":8}},{"start":{"line":260,"column":8},"end":{"line":260,"column":8}}]},"30":{"line":264,"type":"if","locations":[{"start":{"line":264,"column":8},"end":{"line":264,"column":8}},{"start":{"line":264,"column":8},"end":{"line":264,"column":8}}]},"31":{"line":265,"type":"if","locations":[{"start":{"line":265,"column":12},"end":{"line":265,"column":12}},{"start":{"line":265,"column":12},"end":{"line":265,"column":12}}]},"32":{"line":268,"type":"if","locations":[{"start":{"line":268,"column":12},"end":{"line":268,"column":12}},{"start":{"line":268,"column":12},"end":{"line":268,"column":12}}]},"33":{"line":299,"type":"if","locations":[{"start":{"line":299,"column":8},"end":{"line":299,"column":8}},{"start":{"line":299,"column":8},"end":{"line":299,"column":8}}]},"34":{"line":315,"type":"if","locations":[{"start":{"line":315,"column":8},"end":{"line":315,"column":8}},{"start":{"line":315,"column":8},"end":{"line":315,"column":8}}]},"35":{"line":316,"type":"if","locations":[{"start":{"line":316,"column":8},"end":{"line":316,"column":8}},{"start":{"line":316,"column":8},"end":{"line":316,"column":8}}]},"36":{"line":322,"type":"if","locations":[{"start":{"line":322,"column":65},"end":{"line":322,"column":65}},{"start":{"line":322,"column":65},"end":{"line":322,"column":65}}]},"37":{"line":327,"type":"if","locations":[{"start":{"line":327,"column":73},"end":{"line":327,"column":73}},{"start":{"line":327,"column":73},"end":{"line":327,"column":73}}]},"38":{"line":334,"type":"if","locations":[{"start":{"line":334,"column":8},"end":{"line":334,"column":8}},{"start":{"line":334,"column":8},"end":{"line":334,"column":8}}]},"39":{"line":335,"type":"if","locations":[{"start":{"line":335,"column":8},"end":{"line":335,"column":8}},{"start":{"line":335,"column":8},"end":{"line":335,"column":8}}]},"40":{"line":343,"type":"if","locations":[{"start":{"line":343,"column":8},"end":{"line":343,"column":8}},{"start":{"line":343,"column":8},"end":{"line":343,"column":8}}]},"41":{"line":344,"type":"if","locations":[{"start":{"line":344,"column":8},"end":{"line":344,"column":8}},{"start":{"line":344,"column":8},"end":{"line":344,"column":8}}]},"42":{"line":353,"type":"if","locations":[{"start":{"line":353,"column":8},"end":{"line":353,"column":8}},{"start":{"line":353,"column":8},"end":{"line":353,"column":8}}]},"43":{"line":354,"type":"if","locations":[{"start":{"line":354,"column":8},"end":{"line":354,"column":8}},{"start":{"line":354,"column":8},"end":{"line":354,"column":8}}]},"44":{"line":362,"type":"if","locations":[{"start":{"line":362,"column":8},"end":{"line":362,"column":8}},{"start":{"line":362,"column":8},"end":{"line":362,"column":8}}]},"45":{"line":364,"type":"if","locations":[{"start":{"line":364,"column":8},"end":{"line":364,"column":8}},{"start":{"line":364,"column":8},"end":{"line":364,"column":8}}]},"46":{"line":371,"type":"if","locations":[{"start":{"line":371,"column":8},"end":{"line":371,"column":8}},{"start":{"line":371,"column":8},"end":{"line":371,"column":8}}]},"47":{"line":373,"type":"if","locations":[{"start":{"line":373,"column":8},"end":{"line":373,"column":8}},{"start":{"line":373,"column":8},"end":{"line":373,"column":8}}]},"48":{"line":379,"type":"if","locations":[{"start":{"line":379,"column":30},"end":{"line":379,"column":30}},{"start":{"line":379,"column":30},"end":{"line":379,"column":30}}]},"49":{"line":383,"type":"if","locations":[{"start":{"line":383,"column":32},"end":{"line":383,"column":32}},{"start":{"line":383,"column":32},"end":{"line":383,"column":32}}]},"50":{"line":387,"type":"if","locations":[{"start":{"line":387,"column":55},"end":{"line":387,"column":55}},{"start":{"line":387,"column":55},"end":{"line":387,"column":55}}]},"51":{"line":388,"type":"if","locations":[{"start":{"line":388,"column":8},"end":{"line":388,"column":8}},{"start":{"line":388,"column":8},"end":{"line":388,"column":8}}]},"52":{"line":389,"type":"if","locations":[{"start":{"line":389,"column":8},"end":{"line":389,"column":8}},{"start":{"line":389,"column":8},"end":{"line":389,"column":8}}]},"53":{"line":394,"type":"if","locations":[{"start":{"line":394,"column":58},"end":{"line":394,"column":58}},{"start":{"line":394,"column":58},"end":{"line":394,"column":58}}]},"54":{"line":395,"type":"if","locations":[{"start":{"line":395,"column":8},"end":{"line":395,"column":8}},{"start":{"line":395,"column":8},"end":{"line":395,"column":8}}]},"55":{"line":400,"type":"if","locations":[{"start":{"line":400,"column":60},"end":{"line":400,"column":60}},{"start":{"line":400,"column":60},"end":{"line":400,"column":60}}]},"56":{"line":401,"type":"if","locations":[{"start":{"line":401,"column":8},"end":{"line":401,"column":8}},{"start":{"line":401,"column":8},"end":{"line":401,"column":8}}]},"57":{"line":406,"type":"if","locations":[{"start":{"line":406,"column":63},"end":{"line":406,"column":63}},{"start":{"line":406,"column":63},"end":{"line":406,"column":63}}]},"58":{"line":412,"type":"if","locations":[{"start":{"line":412,"column":57},"end":{"line":412,"column":57}},{"start":{"line":412,"column":57},"end":{"line":412,"column":57}}]},"59":{"line":430,"type":"if","locations":[{"start":{"line":430,"column":8},"end":{"line":430,"column":8}},{"start":{"line":430,"column":8},"end":{"line":430,"column":8}}]},"60":{"line":440,"type":"if","locations":[{"start":{"line":440,"column":8},"end":{"line":440,"column":8}},{"start":{"line":440,"column":8},"end":{"line":440,"column":8}}]}}},
"contracts/Once1155TemplateV1.sol":{"l":{"21":52,"22":52,"23":52,"24":52,"25":52,"26":52,"30":1,"34":1,"38":33,"42":14,"46":8,"53":36,"60":5,"69":59,"78":3},"path":"/Users/meawpipat/Desktop/Code_Workspace/OnceQR/hardhat/contracts/Once1155TemplateV1.sol","s":{"1":52,"2":52,"3":52,"4":52,"5":1,"6":1,"7":33,"8":14,"9":8,"10":36,"11":5,"12":59,"13":3},"b":{"1":[33,1],"2":[14,1],"3":[8,1],"4":[36,1],"5":[5,1]},"f":{"1":52,"2":1,"3":1,"4":33,"5":14,"6":8,"7":36,"8":5,"9":59,"10":3},"fnMap":{"1":{"name":"constructor","line":20,"loc":{"start":{"line":20,"column":4},"end":{"line":27,"column":4}}},"2":{"name":"name","line":29,"loc":{"start":{"line":29,"column":4},"end":{"line":31,"column":4}}},"3":{"name":"symbol","line":33,"loc":{"start":{"line":33,"column":4},"end":{"line":35,"column":4}}},"4":{"name":"setURI","line":37,"loc":{"start":{"line":37,"column":4},"end":{"line":39,"column":4}}},"5":{"name":"pause","line":41,"loc":{"start":{"line":41,"column":4},"end":{"line":43,"column":4}}},"6":{"name":"unpause","line":45,"loc":{"start":{"line":45,"column":4},"end":{"line":47,"column":4}}},"7":{"name":"mint","line":51,"loc":{"start":{"line":49,"column":4},"end":{"line":54,"column":4}}},"8":{"name":"mintBatch","line":58,"loc":{"start":{"line":56,"column":4},"end":{"line":61,"column":4}}},"9":{"name":"_update","line":65,"loc":{"start":{"line":65,"column":4},"end":{"line":70,"column":4}}},"10":{"name":"supportsInterface","line":72,"loc":{"start":{"line":72,"column":4},"end":{"line":79,"column":4}}}},"statementMap":{"1":{"start":{"line":21,"column":8},"end":{"line":21,"column":44}},"2":{"start":{"line":22,"column":8},"end":{"line":22,"column":46}},"3":{"start":{"line":23,"column":8},"end":{"line":23,"column":38}},"4":{"start":{"line":24,"column":8},"end":{"line":24,"column":57}},"5":{"start":{"line":30,"column":8},"end":{"line":30,"column":20}},"6":{"start":{"line":34,"column":8},"end":{"line":34,"column":22}},"7":{"start":{"line":38,"column":8},"end":{"line":38,"column":22}},"8":{"start":{"line":42,"column":8},"end":{"line":42,"column":15}},"9":{"start":{"line":46,"column":8},"end":{"line":46,"column":17}},"10":{"start":{"line":53,"column":8},"end":{"line":53,"column":39}},"11":{"start":{"line":60,"column":8},"end":{"line":60,"column":41}},"12":{"start":{"line":69,"column":8},"end":{"line":69,"column":43}},"13":{"start":{"line":78,"column":8},"end":{"line":78,"column":51}}},"branchMap":{"1":{"line":37,"type":"if","locations":[{"start":{"line":37,"column":57},"end":{"line":37,"column":57}},{"start":{"line":37,"column":57},"end":{"line":37,"column":57}}]},"2":{"line":41,"type":"if","locations":[{"start":{"line":41,"column":28},"end":{"line":41,"column":28}},{"start":{"line":41,"column":28},"end":{"line":41,"column":28}}]},"3":{"line":45,"type":"if","locations":[{"start":{"line":45,"column":30},"end":{"line":45,"column":30}},{"start":{"line":45,"column":30},"end":{"line":45,"column":30}}]},"4":{"line":51,"type":"if","locations":[{"start":{"line":51,"column":8},"end":{"line":51,"column":8}},{"start":{"line":51,"column":8},"end":{"line":51,"column":8}}]},"5":{"line":58,"type":"if","locations":[{"start":{"line":58,"column":8},"end":{"line":58,"column":8}},{"start":{"line":58,"column":8},"end":{"line":58,"column":8}}]}}},
"contracts/Once1155TemplateV2.sol":{"l":{"26":122,"27":122,"38":105,"39":104,"42":104,"43":104,"46":104,"47":104,"48":104,"51":104,"55":6,"59":6,"63":11,"67":13,"71":7,"79":75,"82":74,"83":10,"85":64,"88":71,"96":16,"99":15,"100":27,"103":26,"104":2,"106":24,"110":13,"117":103,"118":97,"122":22,"131":7},"path":"/Users/meawpipat/Desktop/Code_Workspace/OnceQR/hardhat/contracts/Once1155TemplateV2.sol","s":{"1":122,"2":105,"3":104,"4":104,"5":104,"6":104,"7":6,"8":6,"9":11,"10":13,"11":7,"12":75,"13":74,"14":10,"15":71,"16":16,"17":15,"18":27,"19":26,"20":2,"21":13,"22":103,"23":97,"24":22,"25":7},"b":{"1":[122,0],"2":[104,1],"3":[11,2],"4":[11,0],"5":[13,3],"6":[13,0],"7":[7,1],"8":[7,0],"9":[75,3],"10":[75,0],"11":[74,1],"12":[10,64],"13":[7,3],"14":[16,1],"15":[16,0],"16":[15,1],"17":[26,1],"18":[2,24],"19":[1,1],"20":[97,6]},"f":{"1":217,"2":122,"3":105,"4":6,"5":6,"6":11,"7":13,"8":7,"9":75,"10":16,"11":103,"12":22,"13":7},"fnMap":{"1":{"name":"constructor","line":21,"loc":{"start":{"line":21,"column":4},"end":{"line":23,"column":4}}},"2":{"name":"onlyInitialized","line":25,"loc":{"start":{"line":25,"column":4},"end":{"line":28,"column":4}}},"3":{"name":"initialize","line":30,"loc":{"start":{"line":30,"column":4},"end":{"line":52,"column":4}}},"4":{"name":"name","line":54,"loc":{"start":{"line":54,"column":4},"end":{"line":56,"column":4}}},"5":{"name":"symbol","line":58,"loc":{"start":{"line":58,"column":4},"end":{"line":60,"column":4}}},"6":{"name":"setURI","line":62,"loc":{"start":{"line":62,"column":4},"end":{"line":64,"column":4}}},"7":{"name":"pause","line":66,"loc":{"start":{"line":66,"column":4},"end":{"line":68,"column":4}}},"8":{"name":"unpause","line":70,"loc":{"start":{"line":70,"column":4},"end":{"line":72,"column":4}}},"9":{"name":"mint","line":77,"loc":{"start":{"line":74,"column":4},"end":{"line":89,"column":4}}},"10":{"name":"mintBatch","line":94,"loc":{"start":{"line":91,"column":4},"end":{"line":111,"column":4}}},"11":{"name":"_update","line":113,"loc":{"start":{"line":113,"column":4},"end":{"line":119,"column":4}}},"12":{"name":"getBatchId","line":121,"loc":{"start":{"line":121,"column":4},"end":{"line":123,"column":4}}},"13":{"name":"supportsInterface","line":125,"loc":{"start":{"line":125,"column":4},"end":{"line":132,"column":4}}}},"statementMap":{"1":{"start":{"line":26,"column":8},"end":{"line":26,"column":47}},"2":{"start":{"line":38,"column":8},"end":{"line":38,"column":52}},"3":{"start":{"line":46,"column":8},"end":{"line":46,"column":44}},"4":{"start":{"line":47,"column":8},"end":{"line":47,"column":46}},"5":{"start":{"line":48,"column":8},"end":{"line":48,"column":38}},"6":{"start":{"line":51,"column":8},"end":{"line":51,"column":57}},"7":{"start":{"line":55,"column":8},"end":{"line":55,"column":25}},"8":{"start":{"line":59,"column":8},"end":{"line":59,"column":27}},"9":{"start":{"line":63,"column":8},"end":{"line":63,"column":22}},"10":{"start":{"line":67,"column":8},"end":{"line":67,"column":15}},"11":{"start":{"line":71,"column":8},"end":{"line":71,"column":17}},"12":{"start":{"line":79,"column":8},"end":{"line":79,"column":61}},"13":{"start":{"line":82,"column":8},"end":{"line":82,"column":2518}},"14":{"start":{"line":83,"column":12},"end":{"line":83,"column":89}},"15":{"start":{"line":88,"column":8},"end":{"line":88,"column":39}},"16":{"start":{"line":96,"column":8},"end":{"line":96,"column":81}},"17":{"start":{"line":99,"column":8},"end":{"line":99,"column":3128}},"18":{"start":{"line":100,"column":12},"end":{"line":100,"column":69}},"19":{"start":{"line":103,"column":12},"end":{"line":103,"column":3356}},"20":{"start":{"line":104,"column":16},"end":{"line":104,"column":101}},"21":{"start":{"line":110,"column":8},"end":{"line":110,"column":41}},"22":{"start":{"line":117,"column":8},"end":{"line":117,"column":73}},"23":{"start":{"line":118,"column":8},"end":{"line":118,"column":43}},"24":{"start":{"line":122,"column":8},"end":{"line":122,"column":37}},"25":{"start":{"line":131,"column":8},"end":{"line":131,"column":51}}},"branchMap":{"1":{"line":26,"type":"if","locations":[{"start":{"line":26,"column":8},"end":{"line":26,"column":8}},{"start":{"line":26,"column":8},"end":{"line":26,"column":8}}]},"2":{"line":38,"type":"if","locations":[{"start":{"line":38,"column":8},"end":{"line":38,"column":8}},{"start":{"line":38,"column":8},"end":{"line":38,"column":8}}]},"3":{"line":62,"type":"if","locations":[{"start":{"line":62,"column":57},"end":{"line":62,"column":57}},{"start":{"line":62,"column":57},"end":{"line":62,"column":57}}]},"4":{"line":62,"type":"if","locations":[{"start":{"line":62,"column":88},"end":{"line":62,"column":88}},{"start":{"line":62,"column":88},"end":{"line":62,"column":88}}]},"5":{"line":66,"type":"if","locations":[{"start":{"line":66,"column":28},"end":{"line":66,"column":28}},{"start":{"line":66,"column":28},"end":{"line":66,"column":28}}]},"6":{"line":66,"type":"if","locations":[{"start":{"line":66,"column":59},"end":{"line":66,"column":59}},{"start":{"line":66,"column":59},"end":{"line":66,"column":59}}]},"7":{"line":70,"type":"if","locations":[{"start":{"line":70,"column":30},"end":{"line":70,"column":30}},{"start":{"line":70,"column":30},"end":{"line":70,"column":30}}]},"8":{"line":70,"type":"if","locations":[{"start":{"line":70,"column":61},"end":{"line":70,"column":61}},{"start":{"line":70,"column":61},"end":{"line":70,"column":61}}]},"9":{"line":76,"type":"if","locations":[{"start":{"line":76,"column":8},"end":{"line":76,"column":8}},{"start":{"line":76,"column":8},"end":{"line":76,"column":8}}]},"10":{"line":77,"type":"if","locations":[{"start":{"line":77,"column":8},"end":{"line":77,"column":8}},{"start":{"line":77,"column":8},"end":{"line":77,"column":8}}]},"11":{"line":79,"type":"if","locations":[{"start":{"line":79,"column":8},"end":{"line":79,"column":8}},{"start":{"line":79,"column":8},"end":{"line":79,"column":8}}]},"12":{"line":82,"type":"if","locations":[{"start":{"line":82,"column":8},"end":{"line":82,"column":8}},{"start":{"line":82,"column":8},"end":{"line":82,"column":8}}]},"13":{"line":83,"type":"if","locations":[{"start":{"line":83,"column":12},"end":{"line":83,"column":12}},{"start":{"line":83,"column":12},"end":{"line":83,"column":12}}]},"14":{"line":93,"type":"if","locations":[{"start":{"line":93,"column":8},"end":{"line":93,"column":8}},{"start":{"line":93,"column":8},"end":{"line":93,"column":8}}]},"15":{"line":94,"type":"if","locations":[{"start":{"line":94,"column":8},"end":{"line":94,"column":8}},{"start":{"line":94,"column":8},"end":{"line":94,"column":8}}]},"16":{"line":96,"type":"if","locations":[{"start":{"line":96,"column":8},"end":{"line":96,"column":8}},{"start":{"line":96,"column":8},"end":{"line":96,"column":8}}]},"17":{"line":100,"type":"if","locations":[{"start":{"line":100,"column":12},"end":{"line":100,"column":12}},{"start":{"line":100,"column":12},"end":{"line":100,"column":12}}]},"18":{"line":103,"type":"if","locations":[{"start":{"line":103,"column":12},"end":{"line":103,"column":12}},{"start":{"line":103,"column":12},"end":{"line":103,"column":12}}]},"19":{"line":104,"type":"if","locations":[{"start":{"line":104,"column":16},"end":{"line":104,"column":16}},{"start":{"line":104,"column":16},"end":{"line":104,"column":16}}]},"20":{"line":117,"type":"if","locations":[{"start":{"line":117,"column":8},"end":{"line":117,"column":8}},{"start":{"line":117,"column":8},"end":{"line":117,"column":8}}]}}},
"contracts/Once721TemplateV1.sol":{"l":{"22":34,"23":34,"24":34,"25":34,"29":4,"33":2,"37":2,"41":133,"42":133,"52":140,"59":0,"68":4,"69":3,"78":5},"path":"/Users/meawpipat/Desktop/Code_Workspace/OnceQR/hardhat/contracts/Once721TemplateV1.sol","s":{"1":34,"2":34,"3":34,"4":34,"5":4,"6":2,"7":133,"8":133,"9":140,"10":0,"11":4,"12":3,"13":5},"b":{"1":[4,1],"2":[2,0],"3":[2,1],"4":[133,1],"5":[2,1]},"f":{"1":34,"2":4,"3":2,"4":2,"5":133,"6":140,"7":0,"8":4,"9":5},"fnMap":{"1":{"name":"constructor","line":20,"loc":{"start":{"line":19,"column":4},"end":{"line":26,"column":4}}},"2":{"name":"pause","line":28,"loc":{"start":{"line":28,"column":4},"end":{"line":30,"column":4}}},"3":{"name":"unpause","line":32,"loc":{"start":{"line":32,"column":4},"end":{"line":34,"column":4}}},"4":{"name":"setURI","line":36,"loc":{"start":{"line":36,"column":4},"end":{"line":38,"column":4}}},"5":{"name":"safeMint","line":40,"loc":{"start":{"line":40,"column":4},"end":{"line":43,"column":4}}},"6":{"name":"_update","line":47,"loc":{"start":{"line":47,"column":4},"end":{"line":53,"column":4}}},"7":{"name":"_increaseBalance","line":55,"loc":{"start":{"line":55,"column":4},"end":{"line":60,"column":4}}},"8":{"name":"tokenURI","line":62,"loc":{"start":{"line":62,"column":4},"end":{"line":70,"column":4}}},"9":{"name":"supportsInterface","line":72,"loc":{"start":{"line":72,"column":4},"end":{"line":79,"column":4}}}},"statementMap":{"1":{"start":{"line":22,"column":8},"end":{"line":22,"column":44}},"2":{"start":{"line":23,"column":8},"end":{"line":23,"column":46}},"3":{"start":{"line":24,"column":8},"end":{"line":24,"column":38}},"4":{"start":{"line":25,"column":8},"end":{"line":25,"column":57}},"5":{"start":{"line":29,"column":8},"end":{"line":29,"column":15}},"6":{"start":{"line":33,"column":8},"end":{"line":33,"column":17}},"7":{"start":{"line":41,"column":8},"end":{"line":41,"column":40}},"8":{"start":{"line":42,"column":8},"end":{"line":42,"column":29}},"9":{"start":{"line":52,"column":8},"end":{"line":52,"column":47}},"10":{"start":{"line":59,"column":8},"end":{"line":59,"column":45}},"11":{"start":{"line":68,"column":8},"end":{"line":68,"column":29}},"12":{"start":{"line":69,"column":8},"end":{"line":69,"column":99}},"13":{"start":{"line":78,"column":8},"end":{"line":78,"column":51}}},"branchMap":{"1":{"line":28,"type":"if","locations":[{"start":{"line":28,"column":28},"end":{"line":28,"column":28}},{"start":{"line":28,"column":28},"end":{"line":28,"column":28}}]},"2":{"line":32,"type":"if","locations":[{"start":{"line":32,"column":30},"end":{"line":32,"column":30}},{"start":{"line":32,"column":30},"end":{"line":32,"column":30}}]},"3":{"line":36,"type":"if","locations":[{"start":{"line":36,"column":57},"end":{"line":36,"column":57}},{"start":{"line":36,"column":57},"end":{"line":36,"column":57}}]},"4":{"line":40,"type":"if","locations":[{"start":{"line":40,"column":41},"end":{"line":40,"column":41}},{"start":{"line":40,"column":41},"end":{"line":40,"column":41}}]},"5":{"line":69,"type":"if","locations":[{"start":{"line":69,"column":44},"end":{"line":69,"column":93}},{"start":{"line":69,"column":97},"end":{"line":69,"column":98}}]}}},
"contracts/Once721TemplateV2.sol":{"l":{"29":143,"30":143,"41":146,"42":145,"45":145,"46":145,"49":145,"50":145,"51":145,"54":145,"57":145,"62":6,"66":6,"70":10,"74":6,"78":6,"82":121,"83":120,"84":120,"85":120,"93":134,"94":132,"103":9,"104":8,"108":11,"109":10,"118":7},"path":"/Users/meawpipat/Desktop/Code_Workspace/OnceQR/hardhat/contracts/Once721TemplateV2.sol","s":{"1":143,"2":146,"3":145,"4":145,"5":145,"6":145,"7":6,"8":6,"9":10,"10":6,"11":121,"12":120,"13":120,"14":134,"15":132,"16":9,"17":8,"18":11,"19":10,"20":7},"b":{"1":[143,0],"2":[145,1],"3":[4,2],"4":[4,2],"5":[10,3],"6":[10,0],"7":[6,1],"8":[6,0],"9":[6,2],"10":[6,0],"11":[121,2],"12":[121,0],"13":[120,1],"14":[132,2],"15":[8,1],"16":[6,2],"17":[10,1]},"f":{"1":191,"2":143,"3":146,"4":6,"5":6,"6":10,"7":6,"8":6,"9":121,"10":134,"11":9,"12":11,"13":7},"fnMap":{"1":{"name":"constructor","line":24,"loc":{"start":{"line":24,"column":4},"end":{"line":26,"column":4}}},"2":{"name":"onlyInitialized","line":28,"loc":{"start":{"line":28,"column":4},"end":{"line":31,"column":4}}},"3":{"name":"initialize","line":33,"loc":{"start":{"line":33,"column":4},"end":{"line":58,"column":4}}},"4":{"name":"name","line":61,"loc":{"start":{"line":61,"column":4},"end":{"line":63,"column":4}}},"5":{"name":"symbol","line":65,"loc":{"start":{"line":65,"column":4},"end":{"line":67,"column":4}}},"6":{"name":"pause","line":69,"loc":{"start":{"line":69,"column":4},"end":{"line":71,"column":4}}},"7":{"name":"unpause","line":73,"loc":{"start":{"line":73,"column":4},"end":{"line":75,"column":4}}},"8":{"name":"setBaseURI","line":77,"loc":{"start":{"line":77,"column":4},"end":{"line":79,"column":4}}},"9":{"name":"safeMint","line":81,"loc":{"start":{"line":81,"column":4},"end":{"line":86,"column":4}}},"10":{"name":"_update","line":88,"loc":{"start":{"line":88,"column":4},"end":{"line":95,"column":4}}},"11":{"name":"tokenURI","line":97,"loc":{"start":{"line":97,"column":4},"end":{"line":105,"column":4}}},"12":{"name":"getBatchId","line":107,"loc":{"start":{"line":107,"column":4},"end":{"line":110,"column":4}}},"13":{"name":"supportsInterface","line":112,"loc":{"start":{"line":112,"column":4},"end":{"line":119,"column":4}}}},"statementMap":{"1":{"start":{"line":29,"column":8},"end":{"line":29,"column":47}},"2":{"start":{"line":41,"column":8},"end":{"line":41,"column":52}},"3":{"start":{"line":49,"column":8},"end":{"line":49,"column":44}},"4":{"start":{"line":50,"column":8},"end":{"line":50,"column":46}},"5":{"start":{"line":51,"column":8},"end":{"line":51,"column":38}},"6":{"start":{"line":54,"column":8},"end":{"line":54,"column":57}},"7":{"start":{"line":62,"column":8},"end":{"line":62,"column":55}},"8":{"start":{"line":66,"column":8},"end":{"line":66,"column":59}},"9":{"start":{"line":70,"column":8},"end":{"line":70,"column":15}},"10":{"start":{"line":74,"column":8},"end":{"line":74,"column":17}},"11":{"start":{"line":82,"column":8},"end":{"line":82,"column":61}},"12":{"start":{"line":83,"column":8},"end":{"line":83,"column":40}},"13":{"start":{"line":85,"column":8},"end":{"line":85,"column":29}},"14":{"start":{"line":93,"column":8},"end":{"line":93,"column":72}},"15":{"start":{"line":94,"column":8},"end":{"line":94,"column":47}},"16":{"start":{"line":103,"column":8},"end":{"line":103,"column":90}},"17":{"start":{"line":104,"column":8},"end":{"line":104,"column":99}},"18":{"start":{"line":108,"column":8},"end":{"line":108,"column":86}},"19":{"start":{"line":109,"column":8},"end":{"line":109,"column":37}},"20":{"start":{"line":118,"column":8},"end":{"line":118,"column":51}}},"branchMap":{"1":{"line":29,"type":"if","locations":[{"start":{"line":29,"column":8},"end":{"line":29,"column":8}},{"start":{"line":29,"column":8},"end":{"line":29,"column":8}}]},"2":{"line":41,"type":"if","locations":[{"start":{"line":41,"column":8},"end":{"line":41,"column":8}},{"start":{"line":41,"column":8},"end":{"line":41,"column":8}}]},"3":{"line":62,"type":"if","locations":[{"start":{"line":62,"column":30},"end":{"line":62,"column":39}},{"start":{"line":62,"column":43},"end":{"line":62,"column":54}}]},"4":{"line":66,"type":"if","locations":[{"start":{"line":66,"column":30},"end":{"line":66,"column":41}},{"start":{"line":66,"column":45},"end":{"line":66,"column":58}}]},"5":{"line":69,"type":"if","locations":[{"start":{"line":69,"column":28},"end":{"line":69,"column":28}},{"start":{"line":69,"column":28},"end":{"line":69,"column":28}}]},"6":{"line":69,"type":"if","locations":[{"start":{"line":69,"column":59},"end":{"line":69,"column":59}},{"start":{"line":69,"column":59},"end":{"line":69,"column":59}}]},"7":{"line":73,"type":"if","locations":[{"start":{"line":73,"column":30},"end":{"line":73,"column":30}},{"start":{"line":73,"column":30},"end":{"line":73,"column":30}}]},"8":{"line":73,"type":"if","locations":[{"start":{"line":73,"column":61},"end":{"line":73,"column":61}},{"start":{"line":73,"column":61},"end":{"line":73,"column":61}}]},"9":{"line":77,"type":"if","locations":[{"start":{"line":77,"column":61},"end":{"line":77,"column":61}},{"start":{"line":77,"column":61},"end":{"line":77,"column":61}}]},"10":{"line":77,"type":"if","locations":[{"start":{"line":77,"column":92},"end":{"line":77,"column":92}},{"start":{"line":77,"column":92},"end":{"line":77,"column":92}}]},"11":{"line":81,"type":"if","locations":[{"start":{"line":81,"column":58},"end":{"line":81,"column":58}},{"start":{"line":81,"column":58},"end":{"line":81,"column":58}}]},"12":{"line":81,"type":"if","locations":[{"start":{"line":81,"column":80},"end":{"line":81,"column":80}},{"start":{"line":81,"column":80},"end":{"line":81,"column":80}}]},"13":{"line":82,"type":"if","locations":[{"start":{"line":82,"column":8},"end":{"line":82,"column":8}},{"start":{"line":82,"column":8},"end":{"line":82,"column":8}}]},"14":{"line":93,"type":"if","locations":[{"start":{"line":93,"column":8},"end":{"line":93,"column":8}},{"start":{"line":93,"column":8},"end":{"line":93,"column":8}}]},"15":{"line":103,"type":"if","locations":[{"start":{"line":103,"column":8},"end":{"line":103,"column":8}},{"start":{"line":103,"column":8},"end":{"line":103,"column":8}}]},"16":{"line":104,"type":"if","locations":[{"start":{"line":104,"column":44},"end":{"line":104,"column":93}},{"start":{"line":104,"column":97},"end":{"line":104,"column":98}}]},"17":{"line":108,"type":"if","locations":[{"start":{"line":108,"column":8},"end":{"line":108,"column":8}},{"start":{"line":108,"column":8},"end":{"line":108,"column":8}}]}}},
"contracts/OnceToken.sol":{"l":{"20":109,"21":109,"22":109,"26":0,"30":0,"34":164,"39":16,"44":92,"45":8,"47":84,"52":80,"54":5,"56":75,"65":296},"path":"/Users/meawpipat/Desktop/Code_Workspace/OnceQR/hardhat/contracts/OnceToken.sol","s":{"1":109,"2":109,"3":109,"4":0,"5":0,"6":164,"7":92,"8":8,"9":84,"10":80,"11":5,"12":75,"13":296},"b":{"1":[0,0],"2":[0,0],"3":[164,0],"4":[16,1],"5":[8,84],"6":[5,75]},"f":{"1":109,"2":0,"3":0,"4":164,"5":16,"6":92,"7":80,"8":296},"fnMap":{"1":{"name":"constructor","line":18,"loc":{"start":{"line":17,"column":4},"end":{"line":23,"column":4}}},"2":{"name":"pause","line":25,"loc":{"start":{"line":25,"column":4},"end":{"line":27,"column":4}}},"3":{"name":"unpause","line":29,"loc":{"start":{"line":29,"column":4},"end":{"line":31,"column":4}}},"4":{"name":"mint","line":33,"loc":{"start":{"line":33,"column":4},"end":{"line":35,"column":4}}},"5":{"name":"setTrustedSpender","line":38,"loc":{"start":{"line":38,"column":4},"end":{"line":40,"column":4}}},"6":{"name":"allowance","line":43,"loc":{"start":{"line":43,"column":4},"end":{"line":48,"column":4}}},"7":{"name":"_spendAllowance","line":51,"loc":{"start":{"line":51,"column":4},"end":{"line":57,"column":4}}},"8":{"name":"_update","line":61,"loc":{"start":{"line":61,"column":4},"end":{"line":66,"column":4}}}},"statementMap":{"1":{"start":{"line":20,"column":8},"end":{"line":20,"column":51}},"2":{"start":{"line":21,"column":8},"end":{"line":21,"column":44}},"3":{"start":{"line":22,"column":8},"end":{"line":22,"column":38}},"4":{"start":{"line":26,"column":8},"end":{"line":26,"column":15}},"5":{"start":{"line":30,"column":8},"end":{"line":30,"column":17}},"6":{"start":{"line":34,"column":8},"end":{"line":34,"column":24}},"7":{"start":{"line":44,"column":8},"end":{"line":44,"column":1673}},"8":{"start":{"line":45,"column":12},"end":{"line":45,"column":36}},"9":{"start":{"line":47,"column":8},"end":{"line":47,"column":46}},"10":{"start":{"line":52,"column":8},"end":{"line":52,"column":2046}},"11":{"start":{"line":54,"column":12},"end":{"line":54,"column":18}},"12":{"start":{"line":56,"column":8},"end":{"line":56,"column":51}},"13":{"start":{"line":65,"column":8},"end":{"line":65,"column":37}}},"branchMap":{"1":{"line":25,"type":"if","locations":[{"start":{"line":25,"column":28},"end":{"line":25,"column":28}},{"start":{"line":25,"column":28},"end":{"line":25,"column":28}}]},"2":{"line":29,"type":"if","locations":[{"start":{"line":29,"column":30},"end":{"line":29,"column":30}},{"start":{"line":29,"column":30},"end":{"line":29,"column":30}}]},"3":{"line":33,"type":"if","locations":[{"start":{"line":33,"column":53},"end":{"line":33,"column":53}},{"start":{"line":33,"column":53},"end":{"line":33,"column":53}}]},"4":{"line":38,"type":"if","locations":[{"start":{"line":38,"column":63},"end":{"line":38,"column":63}},{"start":{"line":38,"column":63},"end":{"line":38,"column":63}}]},"5":{"line":44,"type":"if","locations":[{"start":{"line":44,"column":8},"end":{"line":44,"column":8}},{"start":{"line":44,"column":8},"end":{"line":44,"column":8}}]},"6":{"line":52,"type":"if","locations":[{"start":{"line":52,"column":8},"end":{"line":52,"column":8}},{"start":{"line":52,"column":8},"end":{"line":52,"column":8}}]}}}}
