TN:
SF:/Users/meawpipat/Desktop/Code_Workspace/OnceQR/hardhat/contracts/BatchFactory.sol
FN:92,constructor
FN:113,setTokensPerCode
FN:117,setMinCodesPerBatch
FN:122,setPaymentToken
FN:129,createBatch
FN:217,_verifyBackendSignature
FN:267,addTrustedSigner
FN:274,removeTrustedSigner
FN:280,isTrustedSigner
FN:287,_deployNFTContract
FN:355,_isValidNFTContract
FN:380,calculateBatchCost
FN:384,getIssuerNFTContracts
FN:388,getIssuerNFTContractsByType
FN:397,getIssuerNonce
FN:402,predictNextAddress
FN:415,withdrawPayments
FN:420,getPaymentBalance
FNF:18
FNH:18
FNDA:113,constructor
FNDA:38,setTokensPerCode
FNDA:56,setMinCodesPerBatch
FNDA:2,setPaymentToken
FNDA:85,createBatch
FNDA:83,_verifyBackendSignature
FNDA:112,addTrustedSigner
FNDA:1,removeTrustedSigner
FNDA:2,isTrustedSigner
FNDA:74,_deployNFTContract
FNDA:2,_isValidNFTContract
FNDA:1,calculateBatchCost
FNDA:1,getIssuerNFTContracts
FNDA:1,getIssuerNFTContractsByType
FNDA:38,getIssuerNonce
FNDA:1,predictNextAddress
FNDA:2,withdrawPayments
FNDA:8,getPaymentBalance
DA:98,113
DA:99,112
DA:100,111
DA:101,110
DA:103,109
DA:104,109
DA:105,109
DA:106,109
DA:108,109
DA:109,109
DA:114,38
DA:118,56
DA:119,55
DA:123,2
DA:124,1
DA:131,85
DA:132,84
DA:134,83
DA:135,83
DA:138,83
DA:154,81
DA:157,81
DA:158,81
DA:159,80
DA:163,78
DA:165,2
DA:166,2
DA:169,76
DA:170,75
DA:172,74
DA:184,75
DA:193,74
DA:195,74
DA:205,74
DA:206,73
DA:209,74
DA:232,83
DA:235,82
DA:251,82
DA:257,82
DA:258,82
DA:261,82
DA:262,81
DA:264,81
DA:268,112
DA:269,111
DA:270,110
DA:271,110
DA:275,1
DA:276,1
DA:277,1
DA:281,2
DA:296,74
DA:297,74
DA:300,74
DA:301,74
DA:303,74
DA:304,70
DA:306,70
DA:309,70
DA:319,70
DA:320,0
DA:325,4
DA:327,4
DA:330,4
DA:340,4
DA:341,0
DA:346,74
DA:347,74
DA:349,74
DA:351,74
DA:356,2
DA:358,2
DA:362,1
DA:364,0
DA:368,0
DA:372,0
DA:374,0
DA:381,1
DA:385,1
DA:393,1
DA:398,38
DA:408,1
DA:409,1
DA:410,1
DA:411,1
DA:416,2
DA:417,1
DA:421,8
LF:89
LH:83
BRDA:98,1,0,112
BRDA:98,1,1,1
BRDA:99,2,0,111
BRDA:99,2,1,1
BRDA:100,3,0,110
BRDA:100,3,1,1
BRDA:101,4,0,109
BRDA:101,4,1,1
BRDA:113,5,0,38
BRDA:113,5,1,1
BRDA:117,6,0,56
BRDA:117,6,1,1
BRDA:118,7,0,55
BRDA:118,7,1,1
BRDA:122,8,0,2
BRDA:122,8,1,1
BRDA:123,9,0,1
BRDA:123,9,1,1
BRDA:129,10,0,85
BRDA:129,10,1,0
BRDA:131,11,0,84
BRDA:131,11,1,1
BRDA:132,12,0,83
BRDA:132,12,1,1
BRDA:158,13,0,80
BRDA:158,13,1,1
BRDA:163,14,0,2
BRDA:163,14,1,76
BRDA:166,15,0,1
BRDA:166,15,1,1
BRDA:169,16,0,75
BRDA:169,16,1,1
BRDA:170,17,0,74
BRDA:170,17,1,1
BRDA:205,18,0,73
BRDA:205,18,1,1
BRDA:232,19,0,82
BRDA:232,19,1,1
BRDA:257,20,0,82
BRDA:257,20,1,0
BRDA:262,21,0,81
BRDA:262,21,1,0
BRDA:267,22,0,112
BRDA:267,22,1,1
BRDA:268,23,0,111
BRDA:268,23,1,1
BRDA:269,24,0,110
BRDA:269,24,1,1
BRDA:274,25,0,1
BRDA:274,25,1,0
BRDA:275,26,0,1
BRDA:275,26,1,0
BRDA:303,27,0,70
BRDA:303,27,1,4
BRDA:319,28,0,0
BRDA:319,28,1,70
BRDA:340,29,0,0
BRDA:340,29,1,4
BRDA:356,30,0,2
BRDA:356,30,1,0
BRDA:408,31,0,1
BRDA:408,31,1,0
BRDA:415,32,0,2
BRDA:415,32,1,1
BRDA:416,33,0,1
BRDA:416,33,1,1
BRF:66
BRH:57
end_of_record
TN:
SF:/Users/meawpipat/Desktop/Code_Workspace/OnceQR/hardhat/contracts/BatchManager.sol
FN:111,constructor
FN:117,onlyBatchOwnerOrAdmin
FN:122,onlySystemAdminOrBatchOwnerOrAdmin
FN:130,batchExists
FN:135,notPausedIssuer
FN:140,notPausedWallet
FN:149,_isBatchOwnerOrAdmin
FN:154,_getBatchAdminRole
FN:158,_verifyBackendSignature
FN:208,createBatch
FN:247,claimCode
FN:316,pauseBatch
FN:322,pauseIssuer
FN:327,pauseWalletGlobally
FN:335,pauseWalletInBatch
FN:344,pauseCodeInBatch
FN:354,setBatchExpireTime
FN:362,addBatchAdmin
FN:371,removeBatchAdmin
FN:379,pause
FN:383,unpause
FN:387,addTrustedSigner
FN:394,removeTrustedSigner
FN:400,setBatchFactory
FN:406,removeBatchFactory
FN:412,getBatchInfo
FN:430,isCodeClaimed
FN:440,isCodePaused
FN:447,getIssuerBatches
FN:451,getCurrentBatchId
FN:455,isBatchAdmin
FN:459,isTrustedSigner
FN:463,getWalletNonce
FN:467,isBatchFactory
FNF:34
FNH:32
FNDA:109,constructor
FNDA:0,onlyBatchOwnerOrAdmin
FNDA:12,onlySystemAdminOrBatchOwnerOrAdmin
FNDA:58,batchExists
FNDA:99,notPausedIssuer
FNDA:23,notPausedWallet
FNDA:6,_isBatchOwnerOrAdmin
FNDA:9,_getBatchAdminRole
FNDA:15,_verifyBackendSignature
FNDA:74,createBatch
FNDA:21,claimCode
FNDA:4,pauseBatch
FNDA:3,pauseIssuer
FNDA:2,pauseWalletGlobally
FNDA:1,pauseWalletInBatch
FNDA:3,pauseCodeInBatch
FNDA:2,setBatchExpireTime
FNDA:3,addBatchAdmin
FNDA:2,removeBatchAdmin
FNDA:1,pause
FNDA:0,unpause
FNDA:57,addTrustedSigner
FNDA:3,removeTrustedSigner
FNDA:111,setBatchFactory
FNDA:1,removeBatchFactory
FNDA:9,getBatchInfo
FNDA:4,isCodeClaimed
FNDA:3,isCodePaused
FNDA:2,getIssuerBatches
FNDA:3,getCurrentBatchId
FNDA:2,isBatchAdmin
FNDA:3,isTrustedSigner
FNDA:11,getWalletNonce
FNDA:3,isBatchFactory
DA:112,109
DA:113,109
DA:118,0
DA:119,0
DA:123,12
DA:127,10
DA:131,58
DA:132,57
DA:136,99
DA:137,97
DA:141,23
DA:145,21
DA:150,6
DA:155,9
DA:168,15
DA:171,14
DA:182,14
DA:188,14
DA:189,14
DA:192,14
DA:193,14
DA:195,13
DA:209,74
DA:210,74
DA:211,74
DA:212,74
DA:214,74
DA:215,74
DA:217,74
DA:218,74
DA:219,74
DA:220,74
DA:221,74
DA:222,74
DA:223,74
DA:224,74
DA:225,74
DA:227,74
DA:229,74
DA:231,74
DA:249,21
DA:251,21
DA:252,20
DA:255,19
DA:256,19
DA:257,18
DA:260,17
DA:263,16
DA:264,16
DA:265,15
DA:266,14
DA:268,1
DA:269,1
DA:273,15
DA:274,15
DA:276,15
DA:288,13
DA:289,13
DA:292,13
DA:294,13
DA:295,13
DA:296,13
DA:299,13
DA:300,12
DA:302,1
DA:318,4
DA:319,4
DA:323,3
DA:324,3
DA:328,2
DA:329,2
DA:337,1
DA:338,1
DA:346,3
DA:347,3
DA:348,3
DA:356,2
DA:357,2
DA:364,3
DA:365,2
DA:366,2
DA:373,2
DA:374,2
DA:375,2
DA:380,1
DA:384,0
DA:388,57
DA:389,57
DA:390,56
DA:391,56
DA:395,3
DA:396,2
DA:397,2
DA:401,111
DA:402,110
DA:403,110
DA:407,1
DA:408,1
DA:413,9
DA:414,9
DA:433,4
DA:434,4
DA:443,3
DA:444,3
DA:448,2
DA:452,3
DA:456,2
DA:460,3
DA:464,11
DA:468,3
LF:110
LH:107
BRDA:118,1,0,0
BRDA:118,1,1,0
BRDA:123,2,0,10
BRDA:123,2,1,2
BRDA:124,3,0,6
BRDA:124,3,1,4
BRDA:131,4,0,57
BRDA:131,4,1,1
BRDA:136,5,0,97
BRDA:136,5,1,2
BRDA:141,6,0,21
BRDA:141,6,1,2
BRDA:150,7,0,3
BRDA:150,7,1,1
BRDA:168,8,0,14
BRDA:168,8,1,1
BRDA:188,9,0,14
BRDA:188,9,1,0
BRDA:193,10,0,13
BRDA:193,10,1,1
BRDA:208,11,0,75
BRDA:208,11,1,2
BRDA:208,12,0,75
BRDA:208,12,1,0
BRDA:208,13,0,75
BRDA:208,13,1,0
BRDA:208,14,0,74
BRDA:208,14,1,1
BRDA:209,15,0,74
BRDA:209,15,1,0
BRDA:210,16,0,74
BRDA:210,16,1,0
BRDA:211,17,0,74
BRDA:211,17,1,0
BRDA:212,18,0,74
BRDA:212,18,1,0
BRDA:243,19,0,25
BRDA:243,19,1,0
BRDA:244,20,0,24
BRDA:244,20,1,1
BRDA:245,21,0,24
BRDA:245,21,1,0
BRDA:246,22,0,23
BRDA:246,22,1,1
BRDA:247,23,0,21
BRDA:247,23,1,2
BRDA:251,24,0,20
BRDA:251,24,1,1
BRDA:252,25,0,19
BRDA:252,25,1,1
BRDA:252,26,0,0
BRDA:252,26,1,19
BRDA:256,27,0,18
BRDA:256,27,1,1
BRDA:257,28,0,17
BRDA:257,28,1,1
BRDA:260,29,0,16
BRDA:260,29,1,1
BRDA:264,30,0,15
BRDA:264,30,1,1
BRDA:265,31,0,14
BRDA:265,31,1,1
BRDA:268,32,0,1
BRDA:268,32,1,0
BRDA:299,33,0,12
BRDA:299,33,1,1
BRDA:315,34,0,6
BRDA:315,34,1,0
BRDA:316,35,0,4
BRDA:316,35,1,2
BRDA:322,36,0,3
BRDA:322,36,1,1
BRDA:327,37,0,2
BRDA:327,37,1,0
BRDA:334,38,0,1
BRDA:334,38,1,0
BRDA:335,39,0,1
BRDA:335,39,1,0
BRDA:343,40,0,3
BRDA:343,40,1,0
BRDA:344,41,0,3
BRDA:344,41,1,0
BRDA:353,42,0,2
BRDA:353,42,1,0
BRDA:354,43,0,2
BRDA:354,43,1,0
BRDA:362,44,0,3
BRDA:362,44,1,0
BRDA:364,45,0,2
BRDA:364,45,1,1
BRDA:371,46,0,2
BRDA:371,46,1,0
BRDA:373,47,0,2
BRDA:373,47,1,0
BRDA:379,48,0,1
BRDA:379,48,1,0
BRDA:383,49,0,0
BRDA:383,49,1,0
BRDA:387,50,0,57
BRDA:387,50,1,0
BRDA:388,51,0,57
BRDA:388,51,1,0
BRDA:389,52,0,56
BRDA:389,52,1,1
BRDA:394,53,0,3
BRDA:394,53,1,0
BRDA:395,54,0,2
BRDA:395,54,1,1
BRDA:400,55,0,111
BRDA:400,55,1,1
BRDA:401,56,0,110
BRDA:401,56,1,1
BRDA:406,57,0,1
BRDA:406,57,1,1
BRDA:412,58,0,9
BRDA:412,58,1,1
BRDA:430,59,0,4
BRDA:430,59,1,0
BRDA:440,60,0,3
BRDA:440,60,1,0
BRF:120
BRH:88
end_of_record
TN:
SF:/Users/meawpipat/Desktop/Code_Workspace/OnceQR/hardhat/contracts/Once1155TemplateV1.sol
FN:20,constructor
FN:29,name
FN:33,symbol
FN:37,setURI
FN:41,pause
FN:45,unpause
FN:51,mint
FN:58,mintBatch
FN:65,_update
FN:72,supportsInterface
FNF:10
FNH:10
FNDA:52,constructor
FNDA:1,name
FNDA:1,symbol
FNDA:33,setURI
FNDA:14,pause
FNDA:8,unpause
FNDA:36,mint
FNDA:5,mintBatch
FNDA:59,_update
FNDA:3,supportsInterface
DA:21,52
DA:22,52
DA:23,52
DA:24,52
DA:25,52
DA:26,52
DA:30,1
DA:34,1
DA:38,33
DA:42,14
DA:46,8
DA:53,36
DA:60,5
DA:69,59
DA:78,3
LF:15
LH:15
BRDA:37,1,0,33
BRDA:37,1,1,1
BRDA:41,2,0,14
BRDA:41,2,1,1
BRDA:45,3,0,8
BRDA:45,3,1,1
BRDA:51,4,0,36
BRDA:51,4,1,1
BRDA:58,5,0,5
BRDA:58,5,1,1
BRF:10
BRH:10
end_of_record
TN:
SF:/Users/meawpipat/Desktop/Code_Workspace/OnceQR/hardhat/contracts/Once1155TemplateV2.sol
FN:21,constructor
FN:25,onlyInitialized
FN:30,initialize
FN:54,name
FN:58,symbol
FN:62,setURI
FN:66,pause
FN:70,unpause
FN:77,mint
FN:94,mintBatch
FN:113,_update
FN:121,getBatchId
FN:125,supportsInterface
FNF:13
FNH:13
FNDA:217,constructor
FNDA:122,onlyInitialized
FNDA:105,initialize
FNDA:6,name
FNDA:6,symbol
FNDA:11,setURI
FNDA:13,pause
FNDA:7,unpause
FNDA:75,mint
FNDA:16,mintBatch
FNDA:103,_update
FNDA:22,getBatchId
FNDA:7,supportsInterface
DA:26,122
DA:27,122
DA:38,105
DA:39,104
DA:42,104
DA:43,104
DA:46,104
DA:47,104
DA:48,104
DA:51,104
DA:55,6
DA:59,6
DA:63,11
DA:67,13
DA:71,7
DA:79,75
DA:82,74
DA:83,10
DA:85,64
DA:88,71
DA:96,16
DA:99,15
DA:100,27
DA:103,26
DA:104,2
DA:106,24
DA:110,13
DA:117,103
DA:118,97
DA:122,22
DA:131,7
LF:31
LH:31
BRDA:26,1,0,122
BRDA:26,1,1,0
BRDA:38,2,0,104
BRDA:38,2,1,1
BRDA:62,3,0,11
BRDA:62,3,1,2
BRDA:62,4,0,11
BRDA:62,4,1,0
BRDA:66,5,0,13
BRDA:66,5,1,3
BRDA:66,6,0,13
BRDA:66,6,1,0
BRDA:70,7,0,7
BRDA:70,7,1,1
BRDA:70,8,0,7
BRDA:70,8,1,0
BRDA:76,9,0,75
BRDA:76,9,1,3
BRDA:77,10,0,75
BRDA:77,10,1,0
BRDA:79,11,0,74
BRDA:79,11,1,1
BRDA:82,12,0,10
BRDA:82,12,1,64
BRDA:83,13,0,7
BRDA:83,13,1,3
BRDA:93,14,0,16
BRDA:93,14,1,1
BRDA:94,15,0,16
BRDA:94,15,1,0
BRDA:96,16,0,15
BRDA:96,16,1,1
BRDA:100,17,0,26
BRDA:100,17,1,1
BRDA:103,18,0,2
BRDA:103,18,1,24
BRDA:104,19,0,1
BRDA:104,19,1,1
BRDA:117,20,0,97
BRDA:117,20,1,6
BRF:40
BRH:34
end_of_record
TN:
SF:/Users/meawpipat/Desktop/Code_Workspace/OnceQR/hardhat/contracts/Once721TemplateV1.sol
FN:20,constructor
FN:28,pause
FN:32,unpause
FN:36,setURI
FN:40,safeMint
FN:47,_update
FN:55,_increaseBalance
FN:62,tokenURI
FN:72,supportsInterface
FNF:9
FNH:8
FNDA:34,constructor
FNDA:4,pause
FNDA:2,unpause
FNDA:2,setURI
FNDA:133,safeMint
FNDA:140,_update
FNDA:0,_increaseBalance
FNDA:4,tokenURI
FNDA:5,supportsInterface
DA:22,34
DA:23,34
DA:24,34
DA:25,34
DA:29,4
DA:33,2
DA:37,2
DA:41,133
DA:42,133
DA:52,140
DA:59,0
DA:68,4
DA:69,3
DA:78,5
LF:14
LH:13
BRDA:28,1,0,4
BRDA:28,1,1,1
BRDA:32,2,0,2
BRDA:32,2,1,0
BRDA:36,3,0,2
BRDA:36,3,1,1
BRDA:40,4,0,133
BRDA:40,4,1,1
BRDA:69,5,0,2
BRDA:69,5,1,1
BRF:10
BRH:9
end_of_record
TN:
SF:/Users/meawpipat/Desktop/Code_Workspace/OnceQR/hardhat/contracts/Once721TemplateV2.sol
FN:24,constructor
FN:28,onlyInitialized
FN:33,initialize
FN:61,name
FN:65,symbol
FN:69,pause
FN:73,unpause
FN:77,setBaseURI
FN:81,safeMint
FN:88,_update
FN:97,tokenURI
FN:107,getBatchId
FN:112,supportsInterface
FNF:13
FNH:13
FNDA:191,constructor
FNDA:143,onlyInitialized
FNDA:146,initialize
FNDA:6,name
FNDA:6,symbol
FNDA:10,pause
FNDA:6,unpause
FNDA:6,setBaseURI
FNDA:121,safeMint
FNDA:134,_update
FNDA:9,tokenURI
FNDA:11,getBatchId
FNDA:7,supportsInterface
DA:29,143
DA:30,143
DA:41,146
DA:42,145
DA:45,145
DA:46,145
DA:49,145
DA:50,145
DA:51,145
DA:54,145
DA:57,145
DA:62,6
DA:66,6
DA:70,10
DA:74,6
DA:78,6
DA:82,121
DA:83,120
DA:84,120
DA:85,120
DA:93,134
DA:94,132
DA:103,9
DA:104,8
DA:108,11
DA:109,10
DA:118,7
LF:27
LH:27
BRDA:29,1,0,143
BRDA:29,1,1,0
BRDA:41,2,0,145
BRDA:41,2,1,1
BRDA:62,3,0,4
BRDA:62,3,1,2
BRDA:66,4,0,4
BRDA:66,4,1,2
BRDA:69,5,0,10
BRDA:69,5,1,3
BRDA:69,6,0,10
BRDA:69,6,1,0
BRDA:73,7,0,6
BRDA:73,7,1,1
BRDA:73,8,0,6
BRDA:73,8,1,0
BRDA:77,9,0,6
BRDA:77,9,1,2
BRDA:77,10,0,6
BRDA:77,10,1,0
BRDA:81,11,0,121
BRDA:81,11,1,2
BRDA:81,12,0,121
BRDA:81,12,1,0
BRDA:82,13,0,120
BRDA:82,13,1,1
BRDA:93,14,0,132
BRDA:93,14,1,2
BRDA:103,15,0,8
BRDA:103,15,1,1
BRDA:104,16,0,6
BRDA:104,16,1,2
BRDA:108,17,0,10
BRDA:108,17,1,1
BRF:34
BRH:29
end_of_record
TN:
SF:/Users/meawpipat/Desktop/Code_Workspace/OnceQR/hardhat/contracts/OnceToken.sol
FN:18,constructor
FN:25,pause
FN:29,unpause
FN:33,mint
FN:38,setTrustedSpender
FN:43,allowance
FN:51,_spendAllowance
FN:61,_update
FNF:8
FNH:6
FNDA:109,constructor
FNDA:0,pause
FNDA:0,unpause
FNDA:164,mint
FNDA:16,setTrustedSpender
FNDA:92,allowance
FNDA:80,_spendAllowance
FNDA:296,_update
DA:20,109
DA:21,109
DA:22,109
DA:26,0
DA:30,0
DA:34,164
DA:39,16
DA:44,92
DA:45,8
DA:47,84
DA:52,80
DA:54,5
DA:56,75
DA:65,296
LF:14
LH:12
BRDA:25,1,0,0
BRDA:25,1,1,0
BRDA:29,2,0,0
BRDA:29,2,1,0
BRDA:33,3,0,164
BRDA:33,3,1,0
BRDA:38,4,0,16
BRDA:38,4,1,1
BRDA:44,5,0,8
BRDA:44,5,1,84
BRDA:52,6,0,5
BRDA:52,6,1,75
BRF:12
BRH:7
end_of_record
